<?xml version="1.0" encoding="UTF-8"?>
<testng-results skipped="0" failed="0" ignored="0" total="2" passed="2">
  <reporter-output>
  </reporter-output>
  <suite name="Default suite" duration-ms="32970" started-at="2021-06-17T02:06:35 IST" finished-at="2021-06-17T02:07:08 IST">
    <groups>
    </groups>
    <test name="Default test" duration-ms="32970" started-at="2021-06-17T02:06:35 IST" finished-at="2021-06-17T02:07:08 IST">
      <class name="com.obsqura.testcase.project">
        <test-method status="PASS" signature="beforeClass()[pri:0, instance:com.obsqura.testcase.project@67b467e9]" name="beforeClass" is-config="true" duration-ms="12368" started-at="2021-06-17T02:06:35 IST" finished-at="2021-06-17T02:06:47 IST">
          <reporter-output>
          </reporter-output>
        </test-method> <!-- beforeClass -->
        <test-method status="PASS" signature="newProject()[pri:1, instance:com.obsqura.testcase.project@67b467e9]" name="newProject" duration-ms="16489" started-at="2021-06-17T02:06:47 IST" finished-at="2021-06-17T02:07:03 IST">
          <reporter-output>
          </reporter-output>
        </test-method> <!-- newProject -->
        <test-method status="PASS" signature="changeStatus()[pri:2, instance:com.obsqura.testcase.project@67b467e9]" name="changeStatus" duration-ms="3824" started-at="2021-06-17T02:07:03 IST" finished-at="2021-06-17T02:07:07 IST">
          <reporter-output>
          </reporter-output>
        </test-method> <!-- changeStatus -->
        <test-method status="PASS" signature="afterclass()[pri:0, instance:com.obsqura.testcase.project@67b467e9]" name="afterclass" is-config="true" duration-ms="219" started-at="2021-06-17T02:07:07 IST" finished-at="2021-06-17T02:07:08 IST">
          <reporter-output>
          </reporter-output>
        </test-method> <!-- afterclass -->
      </class> <!-- com.obsqura.testcase.project -->
    </test> <!-- Default test -->
  </suite> <!-- Default suite -->
</testng-results>
